<?xml version="1.0" encoding="UTF-8"?>
<coverage generated="1561344273833" clover="3.2.0">
  <project timestamp="1561344273833" name="All files">
    <metrics statements="46" coveredstatements="46" conditionals="16" coveredconditionals="15" methods="9" coveredmethods="9" elements="71" coveredelements="70" complexity="0" loc="46" ncloc="46" packages="1" files="1" classes="1"/>
    <file name="todo.js" path="/Users/quinlanbock/Desktop/Airfordable/todoApplication/src/todo.js">
      <metrics statements="46" coveredstatements="46" conditionals="16" coveredconditionals="15" methods="9" coveredmethods="9"/>
      <line num="2" count="2" type="stmt"/>
      <line num="4" count="2" type="stmt"/>
      <line num="6" count="2" type="stmt"/>
      <line num="7" count="2" type="stmt"/>
      <line num="10" count="2" type="stmt"/>
      <line num="11" count="16" type="cond" truecount="2" falsecount="0"/>
      <line num="12" count="16" type="stmt"/>
      <line num="13" count="16" type="stmt"/>
      <line num="14" count="16" type="cond" truecount="4" falsecount="0"/>
      <line num="15" count="14" type="stmt"/>
      <line num="22" count="14" type="stmt"/>
      <line num="23" count="14" type="stmt"/>
      <line num="24" count="14" type="stmt"/>
      <line num="27" count="2" type="stmt"/>
      <line num="31" count="2" type="stmt"/>
      <line num="32" count="14" type="stmt"/>
      <line num="35" count="2" type="stmt"/>
      <line num="36" count="2" type="stmt"/>
      <line num="37" count="2" type="stmt"/>
      <line num="38" count="12" type="stmt"/>
      <line num="39" count="12" type="cond" truecount="1" falsecount="1"/>
      <line num="40" count="12" type="stmt"/>
      <line num="41" count="12" type="stmt"/>
      <line num="53" count="2" type="stmt"/>
      <line num="56" count="2" type="stmt"/>
      <line num="57" count="2" type="stmt"/>
      <line num="58" count="2" type="stmt"/>
      <line num="59" count="12" type="stmt"/>
      <line num="60" count="12" type="cond" truecount="2" falsecount="0"/>
      <line num="61" count="12" type="cond" truecount="2" falsecount="0"/>
      <line num="62" count="4" type="stmt"/>
      <line num="63" count="4" type="stmt"/>
      <line num="66" count="2" type="stmt"/>
      <line num="69" count="2" type="stmt"/>
      <line num="70" count="2" type="stmt"/>
      <line num="71" count="2" type="stmt"/>
      <line num="72" count="12" type="stmt"/>
      <line num="73" count="12" type="cond" truecount="2" falsecount="0"/>
      <line num="74" count="12" type="cond" truecount="2" falsecount="0"/>
      <line num="75" count="8" type="stmt"/>
      <line num="76" count="8" type="stmt"/>
      <line num="79" count="2" type="stmt"/>
      <line num="82" count="2" type="stmt"/>
      <line num="83" count="2" type="stmt"/>
      <line num="85" count="2" type="stmt"/>
      <line num="87" count="2" type="stmt"/>
    </file>
  </project>
</coverage>
