<?xml version="1.0" encoding="UTF-8"?>
<coverage generated="1560960271307" clover="3.2.0">
  <project timestamp="1560960271307" name="All files">
    <metrics statements="46" coveredstatements="46" conditionals="16" coveredconditionals="15" methods="9" coveredmethods="9" elements="71" coveredelements="70" complexity="0" loc="46" ncloc="46" packages="1" files="1" classes="1"/>
    <file name="todo.js" path="/Users/quinlanbock/Desktop/Airforable/TS TODO/src/todo.js">
      <metrics statements="46" coveredstatements="46" conditionals="16" coveredconditionals="15" methods="9" coveredmethods="9"/>
      <line num="2" count="2" type="stmt"/>
      <line num="3" count="2" type="stmt"/>
      <line num="5" count="2" type="stmt"/>
      <line num="6" count="2" type="stmt"/>
      <line num="9" count="2" type="stmt"/>
      <line num="10" count="16" type="cond" truecount="2" falsecount="0"/>
      <line num="11" count="16" type="stmt"/>
      <line num="12" count="16" type="stmt"/>
      <line num="13" count="16" type="cond" truecount="4" falsecount="0"/>
      <line num="14" count="14" type="stmt"/>
      <line num="21" count="14" type="stmt"/>
      <line num="22" count="14" type="stmt"/>
      <line num="23" count="14" type="stmt"/>
      <line num="26" count="2" type="stmt"/>
      <line num="30" count="2" type="stmt"/>
      <line num="31" count="14" type="stmt"/>
      <line num="34" count="2" type="stmt"/>
      <line num="35" count="2" type="stmt"/>
      <line num="36" count="2" type="stmt"/>
      <line num="37" count="12" type="stmt"/>
      <line num="38" count="12" type="cond" truecount="1" falsecount="1"/>
      <line num="39" count="12" type="stmt"/>
      <line num="40" count="12" type="stmt"/>
      <line num="52" count="2" type="stmt"/>
      <line num="55" count="2" type="stmt"/>
      <line num="56" count="2" type="stmt"/>
      <line num="57" count="2" type="stmt"/>
      <line num="58" count="12" type="stmt"/>
      <line num="59" count="12" type="cond" truecount="2" falsecount="0"/>
      <line num="60" count="12" type="cond" truecount="2" falsecount="0"/>
      <line num="61" count="4" type="stmt"/>
      <line num="62" count="4" type="stmt"/>
      <line num="65" count="2" type="stmt"/>
      <line num="68" count="2" type="stmt"/>
      <line num="69" count="2" type="stmt"/>
      <line num="70" count="2" type="stmt"/>
      <line num="71" count="12" type="stmt"/>
      <line num="72" count="12" type="cond" truecount="2" falsecount="0"/>
      <line num="73" count="12" type="cond" truecount="2" falsecount="0"/>
      <line num="74" count="8" type="stmt"/>
      <line num="75" count="8" type="stmt"/>
      <line num="78" count="2" type="stmt"/>
      <line num="81" count="2" type="stmt"/>
      <line num="82" count="2" type="stmt"/>
      <line num="84" count="2" type="stmt"/>
      <line num="86" count="2" type="stmt"/>
    </file>
  </project>
</coverage>
