{"/Users/quinlanbock/Desktop/Airforable/TS TODO/src/todo.js": {"path":"/Users/quinlanbock/Desktop/Airforable/TS TODO/src/todo.js","statementMap":{"0":{"start":{"line":2,"column":0},"end":{"line":2,"column":26}},"1":{"start":{"line":3,"column":26},"end":{"line":85,"column":3}},"2":{"start":{"line":5,"column":8},"end":{"line":5,"column":23}},"3":{"start":{"line":6,"column":8},"end":{"line":6,"column":26}},"4":{"start":{"line":9,"column":4},"end":{"line":28,"column":6}},"5":{"start":{"line":10,"column":8},"end":{"line":10,"column":46}},"6":{"start":{"line":10,"column":31},"end":{"line":10,"column":44}},"7":{"start":{"line":11,"column":20},"end":{"line":11,"column":30}},"8":{"start":{"line":12,"column":22},"end":{"line":12,"column":42}},"9":{"start":{"line":13,"column":8},"end":{"line":27,"column":9}},"10":{"start":{"line":14,"column":27},"end":{"line":20,"column":13}},"11":{"start":{"line":21,"column":12},"end":{"line":21,"column":28}},"12":{"start":{"line":22,"column":12},"end":{"line":22,"column":37}},"13":{"start":{"line":23,"column":12},"end":{"line":23,"column":31}},"14":{"start":{"line":26,"column":12},"end":{"line":26,"column":62}},"15":{"start":{"line":30,"column":4},"end":{"line":32,"column":6}},"16":{"start":{"line":31,"column":8},"end":{"line":31,"column":89}},"17":{"start":{"line":31,"column":59},"end":{"line":31,"column":85}},"18":{"start":{"line":34,"column":4},"end":{"line":53,"column":6}},"19":{"start":{"line":35,"column":22},"end":{"line":35,"column":24}},"20":{"start":{"line":36,"column":8},"end":{"line":51,"column":9}},"21":{"start":{"line":36,"column":22},"end":{"line":36,"column":23}},"22":{"start":{"line":36,"column":30},"end":{"line":36,"column":39}},"23":{"start":{"line":37,"column":23},"end":{"line":37,"column":29}},"24":{"start":{"line":38,"column":24},"end":{"line":38,"column":61}},"25":{"start":{"line":39,"column":12},"end":{"line":39,"column":34}},"26":{"start":{"line":40,"column":12},"end":{"line":50,"column":35}},"27":{"start":{"line":52,"column":8},"end":{"line":52,"column":23}},"28":{"start":{"line":55,"column":4},"end":{"line":66,"column":6}},"29":{"start":{"line":56,"column":22},"end":{"line":56,"column":24}},"30":{"start":{"line":57,"column":8},"end":{"line":64,"column":9}},"31":{"start":{"line":57,"column":22},"end":{"line":57,"column":23}},"32":{"start":{"line":57,"column":30},"end":{"line":57,"column":39}},"33":{"start":{"line":58,"column":23},"end":{"line":58,"column":29}},"34":{"start":{"line":59,"column":24},"end":{"line":59,"column":68}},"35":{"start":{"line":60,"column":12},"end":{"line":63,"column":13}},"36":{"start":{"line":61,"column":16},"end":{"line":61,"column":38}},"37":{"start":{"line":62,"column":16},"end":{"line":62,"column":85}},"38":{"start":{"line":65,"column":8},"end":{"line":65,"column":23}},"39":{"start":{"line":68,"column":4},"end":{"line":79,"column":6}},"40":{"start":{"line":69,"column":22},"end":{"line":69,"column":24}},"41":{"start":{"line":70,"column":8},"end":{"line":77,"column":9}},"42":{"start":{"line":70,"column":22},"end":{"line":70,"column":23}},"43":{"start":{"line":70,"column":30},"end":{"line":70,"column":39}},"44":{"start":{"line":71,"column":23},"end":{"line":71,"column":29}},"45":{"start":{"line":72,"column":24},"end":{"line":72,"column":68}},"46":{"start":{"line":73,"column":12},"end":{"line":76,"column":13}},"47":{"start":{"line":74,"column":16},"end":{"line":74,"column":38}},"48":{"start":{"line":75,"column":16},"end":{"line":75,"column":85}},"49":{"start":{"line":78,"column":8},"end":{"line":78,"column":23}},"50":{"start":{"line":81,"column":4},"end":{"line":83,"column":6}},"51":{"start":{"line":82,"column":8},"end":{"line":82,"column":23}},"52":{"start":{"line":84,"column":4},"end":{"line":84,"column":16}},"53":{"start":{"line":86,"column":0},"end":{"line":86,"column":20}}},"fnMap":{"0":{"name":"(anonymous_0)","decl":{"start":{"line":3,"column":26},"end":{"line":3,"column":27}},"loc":{"start":{"line":3,"column":38},"end":{"line":85,"column":1}},"line":3},"1":{"name":"Todo","decl":{"start":{"line":4,"column":13},"end":{"line":4,"column":17}},"loc":{"start":{"line":4,"column":20},"end":{"line":7,"column":5}},"line":4},"2":{"name":"(anonymous_2)","decl":{"start":{"line":9,"column":29},"end":{"line":9,"column":30}},"loc":{"start":{"line":9,"column":62},"end":{"line":28,"column":5}},"line":9},"3":{"name":"(anonymous_3)","decl":{"start":{"line":30,"column":32},"end":{"line":30,"column":33}},"loc":{"start":{"line":30,"column":46},"end":{"line":32,"column":5}},"line":30},"4":{"name":"(anonymous_4)","decl":{"start":{"line":31,"column":37},"end":{"line":31,"column":38}},"loc":{"start":{"line":31,"column":57},"end":{"line":31,"column":87}},"line":31},"5":{"name":"(anonymous_5)","decl":{"start":{"line":34,"column":34},"end":{"line":34,"column":35}},"loc":{"start":{"line":34,"column":46},"end":{"line":53,"column":5}},"line":34},"6":{"name":"(anonymous_6)","decl":{"start":{"line":55,"column":43},"end":{"line":55,"column":44}},"loc":{"start":{"line":55,"column":55},"end":{"line":66,"column":5}},"line":55},"7":{"name":"(anonymous_7)","decl":{"start":{"line":68,"column":46},"end":{"line":68,"column":47}},"loc":{"start":{"line":68,"column":58},"end":{"line":79,"column":5}},"line":68},"8":{"name":"(anonymous_8)","decl":{"start":{"line":81,"column":27},"end":{"line":81,"column":28}},"loc":{"start":{"line":81,"column":39},"end":{"line":83,"column":5}},"line":81}},"branchMap":{"0":{"loc":{"start":{"line":10,"column":8},"end":{"line":10,"column":46}},"type":"if","locations":[{"start":{"line":10,"column":8},"end":{"line":10,"column":46}},{"start":{"line":10,"column":8},"end":{"line":10,"column":46}}],"line":10},"1":{"loc":{"start":{"line":13,"column":8},"end":{"line":27,"column":9}},"type":"if","locations":[{"start":{"line":13,"column":8},"end":{"line":27,"column":9}},{"start":{"line":13,"column":8},"end":{"line":27,"column":9}}],"line":13},"2":{"loc":{"start":{"line":13,"column":12},"end":{"line":13,"column":64}},"type":"binary-expr","locations":[{"start":{"line":13,"column":12},"end":{"line":13,"column":35}},{"start":{"line":13,"column":39},"end":{"line":13,"column":64}}],"line":13},"3":{"loc":{"start":{"line":38,"column":24},"end":{"line":38,"column":61}},"type":"cond-expr","locations":[{"start":{"line":38,"column":31},"end":{"line":38,"column":42}},{"start":{"line":38,"column":45},"end":{"line":38,"column":61}}],"line":38},"4":{"loc":{"start":{"line":59,"column":24},"end":{"line":59,"column":68}},"type":"cond-expr","locations":[{"start":{"line":59,"column":38},"end":{"line":59,"column":49}},{"start":{"line":59,"column":52},"end":{"line":59,"column":68}}],"line":59},"5":{"loc":{"start":{"line":60,"column":12},"end":{"line":63,"column":13}},"type":"if","locations":[{"start":{"line":60,"column":12},"end":{"line":63,"column":13}},{"start":{"line":60,"column":12},"end":{"line":63,"column":13}}],"line":60},"6":{"loc":{"start":{"line":72,"column":24},"end":{"line":72,"column":68}},"type":"cond-expr","locations":[{"start":{"line":72,"column":38},"end":{"line":72,"column":49}},{"start":{"line":72,"column":52},"end":{"line":72,"column":68}}],"line":72},"7":{"loc":{"start":{"line":73,"column":12},"end":{"line":76,"column":13}},"type":"if","locations":[{"start":{"line":73,"column":12},"end":{"line":76,"column":13}},{"start":{"line":73,"column":12},"end":{"line":76,"column":13}}],"line":73}},"s":{"0":2,"1":2,"2":2,"3":2,"4":2,"5":16,"6":2,"7":16,"8":16,"9":16,"10":14,"11":14,"12":14,"13":14,"14":2,"15":2,"16":2,"17":14,"18":2,"19":2,"20":2,"21":2,"22":2,"23":12,"24":12,"25":12,"26":12,"27":2,"28":2,"29":2,"30":2,"31":2,"32":2,"33":12,"34":12,"35":12,"36":4,"37":4,"38":2,"39":2,"40":2,"41":2,"42":2,"43":2,"44":12,"45":12,"46":12,"47":8,"48":8,"49":2,"50":2,"51":2,"52":2,"53":2},"f":{"0":2,"1":2,"2":16,"3":2,"4":14,"5":2,"6":2,"7":2,"8":2},"b":{"0":[2,14],"1":[14,2],"2":[16,16],"3":[12,0],"4":[4,8],"5":[4,8],"6":[4,8],"7":[8,4]},"_coverageSchema":"43e27e138ebf9cfc5966b082cf9a028302ed4184","hash":"1435f16b6d929f4e183220b292151cda2ab2c9a9"}
}
