TN:
SF:/Users/quinlanbock/Desktop/Airforable/TS TODO/src/todo.js
FN:3,(anonymous_0)
FN:4,Todo
FN:9,(anonymous_2)
FN:30,(anonymous_3)
FN:31,(anonymous_4)
FN:34,(anonymous_5)
FN:55,(anonymous_6)
FN:68,(anonymous_7)
FN:81,(anonymous_8)
FNF:9
FNH:9
FNDA:2,(anonymous_0)
FNDA:2,Todo
FNDA:16,(anonymous_2)
FNDA:2,(anonymous_3)
FNDA:14,(anonymous_4)
FNDA:2,(anonymous_5)
FNDA:2,(anonymous_6)
FNDA:2,(anonymous_7)
FNDA:2,(anonymous_8)
DA:2,2
DA:3,2
DA:5,2
DA:6,2
DA:9,2
DA:10,16
DA:11,16
DA:12,16
DA:13,16
DA:14,14
DA:21,14
DA:22,14
DA:23,14
DA:26,2
DA:30,2
DA:31,14
DA:34,2
DA:35,2
DA:36,2
DA:37,12
DA:38,12
DA:39,12
DA:40,12
DA:52,2
DA:55,2
DA:56,2
DA:57,2
DA:58,12
DA:59,12
DA:60,12
DA:61,4
DA:62,4
DA:65,2
DA:68,2
DA:69,2
DA:70,2
DA:71,12
DA:72,12
DA:73,12
DA:74,8
DA:75,8
DA:78,2
DA:81,2
DA:82,2
DA:84,2
DA:86,2
LF:46
LH:46
BRDA:10,0,0,2
BRDA:10,0,1,14
BRDA:13,1,0,14
BRDA:13,1,1,2
BRDA:13,2,0,16
BRDA:13,2,1,16
BRDA:38,3,0,12
BRDA:38,3,1,0
BRDA:59,4,0,4
BRDA:59,4,1,8
BRDA:60,5,0,4
BRDA:60,5,1,8
BRDA:72,6,0,4
BRDA:72,6,1,8
BRDA:73,7,0,8
BRDA:73,7,1,4
BRF:16
BRH:15
end_of_record
